<?xml version="1.0" encoding="UTF-8"?>
<!-- Generated by org.testng.reporters.JUnitReportReporter -->
<testsuite skipped="0" hostname="DESKTOP-GEL415J" name="bg.codeacademy.spring.gossiptalks.servicesTest.GossipServiceTest" tests="1" failures="0" timestamp="2021-09-30T10:28:10 EEST" time="0.902" errors="0">
  <testcase name="try_to_save_gossip_with_correct_username_save" time="0.902" classname="bg.codeacademy.spring.gossiptalks.servicesTest.GossipServiceTest"/>
  <system-out/>
</testsuite> <!-- bg.codeacademy.spring.gossiptalks.servicesTest.GossipServiceTest -->
