<?xml version="1.0" encoding="UTF-8"?>
<!-- Generated by org.testng.reporters.JUnitReportReporter -->
<testsuite skipped="0" hostname="DESKTOP-GEL415J" name="bg.codeacademy.spring.gossiptalks.servicesTest.UserServiceTest" tests="10" failures="0" timestamp="2021-09-30T10:28:10 EEST" time="2.071" errors="0">
  <testcase name="try_to_get_by_nonexisting_username_getByUsername" time="0.120" classname="bg.codeacademy.spring.gossiptalks.servicesTest.UserServiceTest"/>
  <system-out/>
  <testcase name="try_to_get_all_users_by_SubString_getAll" time="0.347" classname="bg.codeacademy.spring.gossiptalks.servicesTest.UserServiceTest"/>
  <system-out/>
  <testcase name="try_to_get_by_username_correct_getByUsername" time="0.149" classname="bg.codeacademy.spring.gossiptalks.servicesTest.UserServiceTest"/>
  <system-out/>
  <testcase name="try_to_create_user_with_existing_username_save" time="0.383" classname="bg.codeacademy.spring.gossiptalks.servicesTest.UserServiceTest"/>
  <system-out/>
  <testcase name="try_to_change_password_with_noPasswordMatch_changePassword" time="0.245" classname="bg.codeacademy.spring.gossiptalks.servicesTest.UserServiceTest"/>
  <system-out/>
  <testcase name="try_to_change_password_with_nonexisting_user_changePassword" time="0.118" classname="bg.codeacademy.spring.gossiptalks.servicesTest.UserServiceTest"/>
  <system-out/>
  <testcase name="try_to_create_user_save" time="0.232" classname="bg.codeacademy.spring.gossiptalks.servicesTest.UserServiceTest"/>
  <system-out/>
  <testcase name="try_to_get_current_logged_user_by_username_getCurrentLoggedUser" time="0.119" classname="bg.codeacademy.spring.gossiptalks.servicesTest.UserServiceTest"/>
  <system-out/>
  <testcase name="try_to_change_password_with_right_password_and_existing_username_changePassword" time="0.234" classname="bg.codeacademy.spring.gossiptalks.servicesTest.UserServiceTest"/>
  <system-out/>
  <testcase name="try_to_get_current_logged_user_by_not_exist_username" time="0.124" classname="bg.codeacademy.spring.gossiptalks.servicesTest.UserServiceTest"/>
  <system-out/>
</testsuite> <!-- bg.codeacademy.spring.gossiptalks.servicesTest.UserServiceTest -->
