<?xml version="1.0" encoding="UTF-8"?>
<!-- Generated by org.testng.reporters.JUnitReportReporter -->
<testsuite skipped="0" hostname="DESKTOP-GEL415J" name="bg.codeacademy.spring.gossiptalks.controllerTest.UserControllerTest" tests="5" failures="0" timestamp="2021-09-30T10:28:10 EEST" time="1.817" errors="0">
  <testcase name="create_User_correct" time="1.493" classname="bg.codeacademy.spring.gossiptalks.controllerTest.UserControllerTest"/>
  <system-out/>
  <testcase name="get_all_users_with_name_params_unauthorized" time="0.032" classname="bg.codeacademy.spring.gossiptalks.controllerTest.UserControllerTest"/>
  <system-out/>
  <testcase name="get_current_logged_user" time="0.127" classname="bg.codeacademy.spring.gossiptalks.controllerTest.UserControllerTest"/>
  <system-out/>
  <testcase name="get_all_users_without_params" time="0.061" classname="bg.codeacademy.spring.gossiptalks.controllerTest.UserControllerTest"/>
  <system-out/>
  <testcase name="get_Users_correct" time="0.104" classname="bg.codeacademy.spring.gossiptalks.controllerTest.UserControllerTest"/>
  <system-out/>
</testsuite> <!-- bg.codeacademy.spring.gossiptalks.controllerTest.UserControllerTest -->
