<?xml version="1.0" encoding="UTF-8"?>
<!-- Generated by org.testng.reporters.JUnitReportReporter -->
<testsuite skipped="0" hostname="DESKTOP-GEL415J" name="bg.codix.chat.repository.MessageRepositoryTest" tests="6" failures="0" timestamp="2021-10-31T16:16:23 EET" time="1.073" errors="0">
  <testcase name="readMessageHanelException" time="0.002" classname="bg.codix.chat.repository.MessageRepositoryTest"/>
  <system-out/>
  <testcase name="getAllMessagesByReceipt" time="1.059" classname="bg.codix.chat.repository.MessageRepositoryTest"/>
  <system-out/>
  <testcase name="sendMessage" time="0.003" classname="bg.codix.chat.repository.MessageRepositoryTest"/>
  <system-out/>
  <testcase name="getMessageByIdHandleException" time="0.004" classname="bg.codix.chat.repository.MessageRepositoryTest"/>
  <system-out/>
  <testcase name="readMessage" time="0.003" classname="bg.codix.chat.repository.MessageRepositoryTest"/>
  <system-out/>
  <testcase name="getMessageById" time="0.002" classname="bg.codix.chat.repository.MessageRepositoryTest"/>
  <system-out/>
</testsuite> <!-- bg.codix.chat.repository.MessageRepositoryTest -->
