<?xml version="1.0" encoding="UTF-8"?>
<!-- Generated by org.testng.reporters.JUnitReportReporter -->
<testsuite skipped="0" hostname="DESKTOP-GEL415J" name="bg.codix.chat.controller.MessageControllerTest" tests="4" failures="0" timestamp="2021-10-31T16:16:23 EET" time="2.575" errors="0">
  <testcase name="sendMessageOk" time="0.739" classname="bg.codix.chat.controller.MessageControllerTest"/>
  <system-out/>
  <testcase name="readMessageWithWrongId" time="0.144" classname="bg.codix.chat.controller.MessageControllerTest"/>
  <system-out/>
  <testcase name="readMessageWithValidId" time="1.262" classname="bg.codix.chat.controller.MessageControllerTest"/>
  <system-out/>
  <testcase name="sendMessageBadRequest" time="0.430" classname="bg.codix.chat.controller.MessageControllerTest"/>
  <system-out/>
</testsuite> <!-- bg.codix.chat.controller.MessageControllerTest -->
