<?xml version="1.0" encoding="UTF-8"?>
<!-- Generated by org.testng.reporters.JUnitReportReporter -->
<testsuite skipped="0" hostname="DESKTOP-GEL415J" name="bg.codix.chat.controller.UserControllerTest" tests="6" failures="0" timestamp="2021-10-31T16:16:23 EET" time="0.466" errors="0">
  <testcase name="getUsersWhoCanSendMessageToStatusOk" time="0.118" classname="bg.codix.chat.controller.UserControllerTest"/>
  <system-out/>
  <testcase name="getUsersWhoCanSendMessageThrowException" time="0.036" classname="bg.codix.chat.controller.UserControllerTest"/>
  <system-out/>
  <testcase name="getAllCorrect" time="0.081" classname="bg.codix.chat.controller.UserControllerTest"/>
  <system-out/>
  <testcase name="getUsersWhoCanSendMessageToStatusOkAndCorrectResponse" time="0.049" classname="bg.codix.chat.controller.UserControllerTest"/>
  <system-out/>
  <testcase name="getUserMessages" time="0.143" classname="bg.codix.chat.controller.UserControllerTest"/>
  <system-out/>
  <testcase name="getUserMessagesThrowException" time="0.039" classname="bg.codix.chat.controller.UserControllerTest"/>
  <system-out/>
</testsuite> <!-- bg.codix.chat.controller.UserControllerTest -->
